# JRE version: OpenJDK Runtime Environment (11.0.10) (build 11.0.10+0-b96-7249189)
# Java VM: OpenJDK 64-Bit Server VM (11.0.10+0-b96-7249189, mixed mode, tiered, compressed oops, g1 gc, windows-amd64)
Heap:
 garbage-first heap   total 260096K, used 184911K [0x0000000080000000, 0x0000000100000000)
  region size 1024K, 59 young (60416K), 6 survivors (6144K)
 Metaspace       used 115659K, capacity 119182K, committed 119372K, reserved 1153024K
  class space    used 15112K, capacity 16432K, committed 16512K, reserved 1048576K
GC Heap History (20 events):
Event: 26.252 GC heap before
{Heap before GC invocations=12 (full 0):
 garbage-first heap   total 260096K, used 149264K [0x0000000080000000, 0x0000000100000000)
  region size 1024K, 97 young (99328K), 7 survivors (7168K)
 Metaspace       used 73010K, capacity 74645K, committed 74700K, reserved 1114112K
  class space    used 9353K, capacity 9956K, committed 9984K, reserved 1048576K
}
Event: 26.266 GC heap after
{Heap after GC invocations=13 (full 0):
 garbage-first heap   total 260096K, used 64023K [0x0000000080000000, 0x0000000100000000)
  region size 1024K, 13 young (13312K), 13 survivors (13312K)
 Metaspace       used 73010K, capacity 74645K, committed 74700K, reserved 1114112K
  class space    used 9353K, capacity 9956K, committed 9984K, reserved 1048576K
}
Event: 28.198 GC heap before
{Heap before GC invocations=13 (full 0):
 garbage-first heap   total 260096K, used 160279K [0x0000000080000000, 0x0000000100000000)
  region size 1024K, 107 young (109568K), 13 survivors (13312K)
 Metaspace       used 80741K, capacity 82583K, committed 82764K, reserved 1120256K
  class space    used 10452K, capacity 11111K, committed 11136K, reserved 1048576K
}
Event: 28.221 GC heap after
{Heap after GC invocations=14 (full 0):
 garbage-first heap   total 260096K, used 70187K [0x0000000080000000, 0x0000000100000000)
  region size 1024K, 13 young (13312K), 13 survivors (13312K)
 Metaspace       used 80741K, capacity 82583K, committed 82764K, reserved 1120256K
  class space    used 10452K, capacity 11111K, committed 11136K, reserved 1048576K
}
Event: 30.570 GC heap before
{Heap before GC invocations=14 (full 0):
 garbage-first heap   total 260096K, used 168491K [0x0000000080000000, 0x0000000100000000)
  region size 1024K, 110 young (112640K), 13 survivors (13312K)
 Metaspace       used 86480K, capacity 88711K, committed 89036K, reserved 1126400K
  class space    used 11137K, capacity 11941K, committed 12032K, reserved 1048576K
}
Event: 30.603 GC heap after
{Heap after GC invocations=15 (full 0):
 garbage-first heap   total 260096K, used 81480K [0x0000000080000000, 0x0000000100000000)
  region size 1024K, 14 young (14336K), 14 survivors (14336K)
 Metaspace       used 86480K, capacity 88711K, committed 89036K, reserved 1126400K
  class space    used 11137K, capacity 11941K, committed 12032K, reserved 1048576K
}
Event: 32.192 GC heap before
{Heap before GC invocations=15 (full 0):
 garbage-first heap   total 260096K, used 177736K [0x0000000080000000, 0x0000000100000000)
  region size 1024K, 109 young (111616K), 14 survivors (14336K)
 Metaspace       used 87256K, capacity 89440K, committed 89548K, reserved 1126400K
  class space    used 11178K, capacity 11968K, committed 12032K, reserved 1048576K
}
Event: 32.221 GC heap after
{Heap after GC invocations=16 (full 0):
 garbage-first heap   total 260096K, used 90626K [0x0000000080000000, 0x0000000100000000)
  region size 1024K, 9 young (9216K), 9 survivors (9216K)
 Metaspace       used 87256K, capacity 89440K, committed 89548K, reserved 1126400K
  class space    used 11178K, capacity 11968K, committed 12032K, reserved 1048576K
}
Event: 33.886 GC heap before
{Heap before GC invocations=16 (full 0):
 garbage-first heap   total 260096K, used 185858K [0x0000000080000000, 0x0000000100000000)
  region size 1024K, 103 young (105472K), 9 survivors (9216K)
 Metaspace       used 88910K, capacity 91155K, committed 91340K, reserved 1128448K
  class space    used 11363K, capacity 12174K, committed 12288K, reserved 1048576K
}
Event: 33.902 GC heap after
{Heap after GC invocations=17 (full 0):
 garbage-first heap   total 260096K, used 96077K [0x0000000080000000, 0x0000000100000000)
  region size 1024K, 9 young (9216K), 9 survivors (9216K)
 Metaspace       used 88910K, capacity 91155K, committed 91340K, reserved 1128448K
  class space    used 11363K, capacity 12174K, committed 12288K, reserved 1048576K
}
Event: 60.952 GC heap before
{Heap before GC invocations=17 (full 0):
 garbage-first heap   total 260096K, used 192333K [0x0000000080000000, 0x0000000100000000)
  region size 1024K, 103 young (105472K), 9 survivors (9216K)
 Metaspace       used 96312K, capacity 98746K, committed 99020K, reserved 1134592K
  class space    used 12365K, capacity 13243K, committed 13312K, reserved 1048576K
}
Event: 60.972 GC heap after
{Heap after GC invocations=18 (full 0):
 garbage-first heap   total 260096K, used 100671K [0x0000000080000000, 0x0000000100000000)
  region size 1024K, 5 young (5120K), 5 survivors (5120K)
 Metaspace       used 96312K, capacity 98746K, committed 99020K, reserved 1134592K
  class space    used 12365K, capacity 13243K, committed 13312K, reserved 1048576K
}
Event: 85.391 GC heap before
{Heap before GC invocations=18 (full 0):
 garbage-first heap   total 260096K, used 196927K [0x0000000080000000, 0x0000000100000000)
  region size 1024K, 100 young (102400K), 5 survivors (5120K)
 Metaspace       used 96926K, capacity 99467K, committed 99660K, reserved 1136640K
  class space    used 12434K, capacity 13364K, committed 13440K, reserved 1048576K
}
Event: 85.407 GC heap after
{Heap after GC invocations=19 (full 0):
 garbage-first heap   total 260096K, used 106515K [0x0000000080000000, 0x0000000100000000)
  region size 1024K, 11 young (11264K), 11 survivors (11264K)
 Metaspace       used 96926K, capacity 99467K, committed 99660K, reserved 1136640K
  class space    used 12434K, capacity 13364K, committed 13440K, reserved 1048576K
}
Event: 88.248 GC heap before
{Heap before GC invocations=19 (full 0):
 garbage-first heap   total 260096K, used 201747K [0x0000000080000000, 0x0000000100000000)
  region size 1024K, 105 young (107520K), 11 survivors (11264K)
 Metaspace       used 107208K, capacity 110412K, committed 110540K, reserved 1144832K
  class space    used 14068K, capacity 15292K, committed 15360K, reserved 1048576K
}
Event: 88.275 GC heap after
{Heap after GC invocations=20 (full 0):
 garbage-first heap   total 260096K, used 111643K [0x0000000080000000, 0x0000000100000000)
  region size 1024K, 12 young (12288K), 12 survivors (12288K)
 Metaspace       used 107208K, capacity 110412K, committed 110540K, reserved 1144832K
  class space    used 14068K, capacity 15292K, committed 15360K, reserved 1048576K
}
Event: 90.189 GC heap before
{Heap before GC invocations=20 (full 0):
 garbage-first heap   total 260096K, used 161819K [0x0000000080000000, 0x0000000100000000)
  region size 1024K, 63 young (64512K), 12 survivors (12288K)
 Metaspace       used 110675K, capacity 114164K, committed 114252K, reserved 1146880K
  class space    used 14637K, capacity 15965K, committed 16000K, reserved 1048576K
}
Event: 90.206 GC heap after
{Heap after GC invocations=21 (full 0):
 garbage-first heap   total 260096K, used 114545K [0x0000000080000000, 0x0000000100000000)
  region size 1024K, 10 young (10240K), 10 survivors (10240K)
 Metaspace       used 110675K, capacity 114164K, committed 114252K, reserved 1146880K
  class space    used 14637K, capacity 15965K, committed 16000K, reserved 1048576K
}
Event: 92.583 GC heap before
{Heap before GC invocations=22 (full 0):
 garbage-first heap   total 260096K, used 146289K [0x0000000080000000, 0x0000000100000000)
  region size 1024K, 31 young (31744K), 10 survivors (10240K)
 Metaspace       used 111589K, capacity 115027K, committed 115404K, reserved 1148928K
  class space    used 14754K, capacity 16061K, committed 16128K, reserved 1048576K
}
Event: 92.603 GC heap after
{Heap after GC invocations=23 (full 0):
 garbage-first heap   total 260096K, used 127567K [0x0000000080000000, 0x0000000100000000)
  region size 1024K, 6 young (6144K), 6 survivors (6144K)
 Metaspace       used 111589K, capacity 115027K, committed 115404K, reserved 1148928K
  class space    used 14754K, capacity 16061K, committed 16128K, reserved 1048576K
}

